<?xml version="1.0" encoding="UTF-8"?>
<!-- Generated by org.testng.reporters.JUnitReportReporter -->
<testsuite hostname="DESKTOP-ASOCT7U" failures="0" tests="2" name="com.testcases.LoginPageTestTDD" time="0.011" errors="0" timestamp="2021-11-24T08:19:28 IST" skipped="0">
  <testcase classname="com.testcases.LoginPageTestTDD" name="validateLoginTest" time="0.010"/>
  <system-out/>
  <testcase classname="com.testcases.LoginPageTestTDD" name="validateLoginTest" time="0.001"/>
  <system-out/>
</testsuite> <!-- com.testcases.LoginPageTestTDD -->
