<?xml version="1.0" encoding="UTF-8"?>
<!-- Generated by org.testng.reporters.JUnitReportReporter -->
<testsuite hostname="DESKTOP-ASOCT7U" failures="0" tests="2" name="com.testcases.LoginPageTest" time="18.635" errors="0" timestamp="2021-11-22T12:41:13 IST" skipped="0">
  <testcase classname="com.testcases.LoginPageTest" name="validateLoginTest" time="11.945"/>
  <system-out/>
  <testcase classname="com.testcases.LoginPageTest" name="validateTitleTest" time="6.690"/>
  <system-out/>
</testsuite> <!-- com.testcases.LoginPageTest -->
